Line 124: Class MSComCtl2.DTPicker of control tmpdt was not a loaded control class.
Line 137: Class MSComCtl2.DTPicker of control DTPicker3 was not a loaded control class.
Line 994: Class MSComCtl2.DTPicker of control Labela was not a loaded control class.
Line 1018: Class MSComCtl2.DTPicker of control Labela was not a loaded control class.
Line 1042: Class MSComCtl2.DTPicker of control Labela was not a loaded control class.
Line 1066: Class MSComCtl2.DTPicker of control Labela was not a loaded control class.
Line 1090: Class MSComCtl2.DTPicker of control Labela was not a loaded control class.
Line 1114: Class MSComCtl2.DTPicker of control Labela was not a loaded control class.
Line 1138: Class MSComCtl2.DTPicker of control Labela was not a loaded control class.
Line 1162: Class MSComCtl2.DTPicker of control Labela was not a loaded control class.
Line 1186: Class MSComCtl2.DTPicker of control Labela was not a loaded control class.
Line 1210: Class MSComCtl2.DTPicker of control Labela was not a loaded control class.
Line 1234: Class MSComCtl2.DTPicker of control Labela was not a loaded control class.
Line 1258: Class MSComCtl2.DTPicker of control Labela was not a loaded control class.
Line 1282: Class MSComCtl2.DTPicker of control Labela was not a loaded control class.
Line 1306: Class MSComCtl2.DTPicker of control Labela was not a loaded control class.
Line 1330: Class MSComCtl2.DTPicker of control Labela was not a loaded control class.
Line 1354: Class MSComCtl2.DTPicker of control Labela was not a loaded control class.
Line 1378: Class MSComCtl2.DTPicker of control Labela was not a loaded control class.
Line 1402: Class MSComCtl2.DTPicker of control Labela was not a loaded control class.
Line 1426: Class MSComCtl2.DTPicker of control Labela was not a loaded control class.
Line 1450: Class MSComCtl2.DTPicker of control Labela was not a loaded control class.
Line 1474: Class MSComCtl2.DTPicker of control Labela was not a loaded control class.
Line 1498: Class MSComCtl2.DTPicker of control Labela was not a loaded control class.
Line 1522: Class MSComCtl2.DTPicker of control Labela was not a loaded control class.
Line 1546: Class MSComCtl2.DTPicker of control Labela was not a loaded control class.
Line 1570: Class MSComCtl2.DTPicker of control Labela was not a loaded control class.
Line 1594: Class MSComCtl2.DTPicker of control Labela was not a loaded control class.
Line 1618: Class MSComCtl2.DTPicker of control Labela was not a loaded control class.
Line 1642: Class MSComCtl2.DTPicker of control Labela was not a loaded control class.
Line 1666: Class MSComCtl2.DTPicker of control Labela was not a loaded control class.
Line 1690: Class MSComCtl2.DTPicker of control Labela was not a loaded control class.
Line 1714: Class MSComCtl2.DTPicker of control Labela was not a loaded control class.
Line 1738: Class MSComCtl2.DTPicker of control Labela was not a loaded control class.
Line 1762: Class MSComCtl2.DTPicker of control Labela was not a loaded control class.
Line 1786: Class MSComCtl2.DTPicker of control Labela was not a loaded control class.
Line 1810: Class MSComCtl2.DTPicker of control Labela was not a loaded control class.
Line 1834: Class MSComCtl2.DTPicker of control Labela was not a loaded control class.
Line 1858: Class MSComCtl2.DTPicker of control Labela was not a loaded control class.
Line 1882: Class MSComCtl2.DTPicker of control Labela was not a loaded control class.
Line 1906: Class MSComCtl2.DTPicker of control Labela was not a loaded control class.
Line 1930: Class MSComCtl2.DTPicker of control Labela was not a loaded control class.
Line 1954: Class MSComCtl2.DTPicker of control Labela was not a loaded control class.
Line 1978: Class MSComCtl2.DTPicker of control Labela was not a loaded control class.
Line 2002: Class MSComCtl2.DTPicker of control Labela was not a loaded control class.
Line 2026: Class MSComCtl2.DTPicker of control Labela was not a loaded control class.
Line 2050: Class MSComCtl2.DTPicker of control Labela was not a loaded control class.
Line 2074: Class MSComCtl2.DTPicker of control Labela was not a loaded control class.
Line 2098: Class MSComCtl2.DTPicker of control Labela was not a loaded control class.
Line 2122: Class MSComCtl2.DTPicker of control Labela was not a loaded control class.
Line 2146: Class MSComCtl2.DTPicker of control Labela was not a loaded control class.
Line 2170: Class MSComCtl2.DTPicker of control Labela was not a loaded control class.
Line 2217: Class MSComCtl2.DTPicker of control DTPicker1 was not a loaded control class.
Line 2239: Class MSComCtl2.DTPicker of control DTPicker2 was not a loaded control class.
Line 131: The property name _ExtentX in tmpdt is invalid.
Line 132: The property name _ExtentY in tmpdt is invalid.
Line 133: The property name _Version in tmpdt is invalid.
Line 134: The property name Format in tmpdt is invalid.
Line 135: The property name CurrentDate in tmpdt is invalid.
Line 144: The property name _ExtentX in DTPicker3 is invalid.
Line 145: The property name _ExtentY in DTPicker3 is invalid.
Line 146: The property name _Version in DTPicker3 is invalid.
Line 147: The property name Format in DTPicker3 is invalid.
Line 148: The property name CurrentDate in DTPicker3 is invalid.
Line 1002: The property name _ExtentX in Labela is invalid.
Line 1003: The property name _ExtentY in Labela is invalid.
Line 1004: The property name _Version in Labela is invalid.
Line 1015: The property name Format in Labela is invalid.
Line 1016: The property name CurrentDate in Labela is invalid.
Line 1026: The property name _ExtentX in Labela is invalid.
Line 1027: The property name _ExtentY in Labela is invalid.
Line 1028: The property name _Version in Labela is invalid.
Line 1039: The property name Format in Labela is invalid.
Line 1040: The property name CurrentDate in Labela is invalid.
Line 1050: The property name _ExtentX in Labela is invalid.
Line 1051: The property name _ExtentY in Labela is invalid.
Line 1052: The property name _Version in Labela is invalid.
Line 1063: The property name Format in Labela is invalid.
Line 1064: The property name CurrentDate in Labela is invalid.
Line 1074: The property name _ExtentX in Labela is invalid.
Line 1075: The property name _ExtentY in Labela is invalid.
Line 1076: The property name _Version in Labela is invalid.
Line 1087: The property name Format in Labela is invalid.
Line 1088: The property name CurrentDate in Labela is invalid.
Line 1098: The property name _ExtentX in Labela is invalid.
Line 1099: The property name _ExtentY in Labela is invalid.
Line 1100: The property name _Version in Labela is invalid.
Line 1111: The property name Format in Labela is invalid.
Line 1112: The property name CurrentDate in Labela is invalid.
Line 1122: The property name _ExtentX in Labela is invalid.
Line 1123: The property name _ExtentY in Labela is invalid.
Line 1124: The property name _Version in Labela is invalid.
Line 1135: The property name Format in Labela is invalid.
Line 1136: The property name CurrentDate in Labela is invalid.
Line 1146: The property name _ExtentX in Labela is invalid.
Line 1147: The property name _ExtentY in Labela is invalid.
Line 1148: The property name _Version in Labela is invalid.
Line 1159: The property name Format in Labela is invalid.
Line 1160: The property name CurrentDate in Labela is invalid.
Line 1170: The property name _ExtentX in Labela is invalid.
Line 1171: The property name _ExtentY in Labela is invalid.
Line 1172: The property name _Version in Labela is invalid.
Line 1183: The property name Format in Labela is invalid.
Line 1184: The property name CurrentDate in Labela is invalid.
Line 1194: The property name _ExtentX in Labela is invalid.
Line 1195: The property name _ExtentY in Labela is invalid.
Line 1196: The property name _Version in Labela is invalid.
Line 1207: The property name Format in Labela is invalid.
Line 1208: The property name CurrentDate in Labela is invalid.
Line 1218: The property name _ExtentX in Labela is invalid.
Line 1219: The property name _ExtentY in Labela is invalid.
Line 1220: The property name _Version in Labela is invalid.
Line 1231: The property name Format in Labela is invalid.
Line 1232: The property name CurrentDate in Labela is invalid.
Line 1242: The property name _ExtentX in Labela is invalid.
Line 1243: The property name _ExtentY in Labela is invalid.
Line 1244: The property name _Version in Labela is invalid.
Line 1255: The property name Format in Labela is invalid.
Line 1256: The property name CurrentDate in Labela is invalid.
Line 1266: The property name _ExtentX in Labela is invalid.
Line 1267: The property name _ExtentY in Labela is invalid.
Line 1268: The property name _Version in Labela is invalid.
Line 1279: The property name Format in Labela is invalid.
Line 1280: The property name CurrentDate in Labela is invalid.
Line 1290: The property name _ExtentX in Labela is invalid.
Line 1291: The property name _ExtentY in Labela is invalid.
Line 1292: The property name _Version in Labela is invalid.
Line 1303: The property name Format in Labela is invalid.
Line 1304: The property name CurrentDate in Labela is invalid.
Line 1314: The property name _ExtentX in Labela is invalid.
Line 1315: The property name _ExtentY in Labela is invalid.
Line 1316: The property name _Version in Labela is invalid.
Line 1327: The property name Format in Labela is invalid.
Line 1328: The property name CurrentDate in Labela is invalid.
Line 1338: The property name _ExtentX in Labela is invalid.
Line 1339: The property name _ExtentY in Labela is invalid.
Line 1340: The property name _Version in Labela is invalid.
Line 1351: The property name Format in Labela is invalid.
Line 1352: The property name CurrentDate in Labela is invalid.
Line 1362: The property name _ExtentX in Labela is invalid.
Line 1363: The property name _ExtentY in Labela is invalid.
Line 1364: The property name _Version in Labela is invalid.
Line 1375: The property name Format in Labela is invalid.
Line 1376: The property name CurrentDate in Labela is invalid.
Line 1386: The property name _ExtentX in Labela is invalid.
Line 1387: The property name _ExtentY in Labela is invalid.
Line 1388: The property name _Version in Labela is invalid.
Line 1399: The property name Format in Labela is invalid.
Line 1400: The property name CurrentDate in Labela is invalid.
Line 1410: The property name _ExtentX in Labela is invalid.
Line 1411: The property name _ExtentY in Labela is invalid.
Line 1412: The property name _Version in Labela is invalid.
Line 1423: The property name Format in Labela is invalid.
Line 1424: The property name CurrentDate in Labela is invalid.
Line 1434: The property name _ExtentX in Labela is invalid.
Line 1435: The property name _ExtentY in Labela is invalid.
Line 1436: The property name _Version in Labela is invalid.
Line 1447: The property name Format in Labela is invalid.
Line 1448: The property name CurrentDate in Labela is invalid.
Line 1458: The property name _ExtentX in Labela is invalid.
Line 1459: The property name _ExtentY in Labela is invalid.
Line 1460: The property name _Version in Labela is invalid.
Line 1471: The property name Format in Labela is invalid.
Line 1472: The property name CurrentDate in Labela is invalid.
Line 1482: The property name _ExtentX in Labela is invalid.
Line 1483: The property name _ExtentY in Labela is invalid.
Line 1484: The property name _Version in Labela is invalid.
Line 1495: The property name Format in Labela is invalid.
Line 1496: The property name CurrentDate in Labela is invalid.
Line 1506: The property name _ExtentX in Labela is invalid.
Line 1507: The property name _ExtentY in Labela is invalid.
Line 1508: The property name _Version in Labela is invalid.
Line 1519: The property name Format in Labela is invalid.
Line 1520: The property name CurrentDate in Labela is invalid.
Line 1530: The property name _ExtentX in Labela is invalid.
Line 1531: The property name _ExtentY in Labela is invalid.
Line 1532: The property name _Version in Labela is invalid.
Line 1543: The property name Format in Labela is invalid.
Line 1544: The property name CurrentDate in Labela is invalid.
Line 1554: The property name _ExtentX in Labela is invalid.
Line 1555: The property name _ExtentY in Labela is invalid.
Line 1556: The property name _Version in Labela is invalid.
Line 1567: The property name Format in Labela is invalid.
Line 1568: The property name CurrentDate in Labela is invalid.
Line 1578: The property name _ExtentX in Labela is invalid.
Line 1579: The property name _ExtentY in Labela is invalid.
Line 1580: The property name _Version in Labela is invalid.
Line 1591: The property name Format in Labela is invalid.
Line 1592: The property name CurrentDate in Labela is invalid.
Line 1602: The property name _ExtentX in Labela is invalid.
Line 1603: The property name _ExtentY in Labela is invalid.
Line 1604: The property name _Version in Labela is invalid.
Line 1615: The property name Format in Labela is invalid.
Line 1616: The property name CurrentDate in Labela is invalid.
Line 1626: The property name _ExtentX in Labela is invalid.
Line 1627: The property name _ExtentY in Labela is invalid.
Line 1628: The property name _Version in Labela is invalid.
Line 1639: The property name Format in Labela is invalid.
Line 1640: The property name CurrentDate in Labela is invalid.
Line 1650: The property name _ExtentX in Labela is invalid.
Line 1651: The property name _ExtentY in Labela is invalid.
Line 1652: The property name _Version in Labela is invalid.
Line 1663: The property name Format in Labela is invalid.
Line 1664: The property name CurrentDate in Labela is invalid.
Line 1674: The property name _ExtentX in Labela is invalid.
Line 1675: The property name _ExtentY in Labela is invalid.
Line 1676: The property name _Version in Labela is invalid.
Line 1687: The property name Format in Labela is invalid.
Line 1688: The property name CurrentDate in Labela is invalid.
Line 1698: The property name _ExtentX in Labela is invalid.
Line 1699: The property name _ExtentY in Labela is invalid.
Line 1700: The property name _Version in Labela is invalid.
Line 1711: The property name Format in Labela is invalid.
Line 1712: The property name CurrentDate in Labela is invalid.
Line 1722: The property name _ExtentX in Labela is invalid.
Line 1723: The property name _ExtentY in Labela is invalid.
Line 1724: The property name _Version in Labela is invalid.
Line 1735: The property name Format in Labela is invalid.
Line 1736: The property name CurrentDate in Labela is invalid.
Line 1746: The property name _ExtentX in Labela is invalid.
Line 1747: The property name _ExtentY in Labela is invalid.
Line 1748: The property name _Version in Labela is invalid.
Line 1759: The property name Format in Labela is invalid.
Line 1760: The property name CurrentDate in Labela is invalid.
Line 1770: The property name _ExtentX in Labela is invalid.
Line 1771: The property name _ExtentY in Labela is invalid.
Line 1772: The property name _Version in Labela is invalid.
Line 1783: The property name Format in Labela is invalid.
Line 1784: The property name CurrentDate in Labela is invalid.
Line 1794: The property name _ExtentX in Labela is invalid.
Line 1795: The property name _ExtentY in Labela is invalid.
Line 1796: The property name _Version in Labela is invalid.
Line 1807: The property name Format in Labela is invalid.
Line 1808: The property name CurrentDate in Labela is invalid.
Line 1818: The property name _ExtentX in Labela is invalid.
Line 1819: The property name _ExtentY in Labela is invalid.
Line 1820: The property name _Version in Labela is invalid.
Line 1831: The property name Format in Labela is invalid.
Line 1832: The property name CurrentDate in Labela is invalid.
Line 1842: The property name _ExtentX in Labela is invalid.
Line 1843: The property name _ExtentY in Labela is invalid.
Line 1844: The property name _Version in Labela is invalid.
Line 1855: The property name Format in Labela is invalid.
Line 1856: The property name CurrentDate in Labela is invalid.
Line 1866: The property name _ExtentX in Labela is invalid.
Line 1867: The property name _ExtentY in Labela is invalid.
Line 1868: The property name _Version in Labela is invalid.
Line 1879: The property name Format in Labela is invalid.
Line 1880: The property name CurrentDate in Labela is invalid.
Line 1890: The property name _ExtentX in Labela is invalid.
Line 1891: The property name _ExtentY in Labela is invalid.
Line 1892: The property name _Version in Labela is invalid.
Line 1903: The property name Format in Labela is invalid.
Line 1904: The property name CurrentDate in Labela is invalid.
Line 1914: The property name _ExtentX in Labela is invalid.
Line 1915: The property name _ExtentY in Labela is invalid.
Line 1916: The property name _Version in Labela is invalid.
Line 1927: The property name Format in Labela is invalid.
Line 1928: The property name CurrentDate in Labela is invalid.
Line 1938: The property name _ExtentX in Labela is invalid.
Line 1939: The property name _ExtentY in Labela is invalid.
Line 1940: The property name _Version in Labela is invalid.
Line 1951: The property name Format in Labela is invalid.
Line 1952: The property name CurrentDate in Labela is invalid.
Line 1962: The property name _ExtentX in Labela is invalid.
Line 1963: The property name _ExtentY in Labela is invalid.
Line 1964: The property name _Version in Labela is invalid.
Line 1975: The property name Format in Labela is invalid.
Line 1976: The property name CurrentDate in Labela is invalid.
Line 1986: The property name _ExtentX in Labela is invalid.
Line 1987: The property name _ExtentY in Labela is invalid.
Line 1988: The property name _Version in Labela is invalid.
Line 1999: The property name Format in Labela is invalid.
Line 2000: The property name CurrentDate in Labela is invalid.
Line 2010: The property name _ExtentX in Labela is invalid.
Line 2011: The property name _ExtentY in Labela is invalid.
Line 2012: The property name _Version in Labela is invalid.
Line 2023: The property name Format in Labela is invalid.
Line 2024: The property name CurrentDate in Labela is invalid.
Line 2034: The property name _ExtentX in Labela is invalid.
Line 2035: The property name _ExtentY in Labela is invalid.
Line 2036: The property name _Version in Labela is invalid.
Line 2047: The property name Format in Labela is invalid.
Line 2048: The property name CurrentDate in Labela is invalid.
Line 2058: The property name _ExtentX in Labela is invalid.
Line 2059: The property name _ExtentY in Labela is invalid.
Line 2060: The property name _Version in Labela is invalid.
Line 2071: The property name Format in Labela is invalid.
Line 2072: The property name CurrentDate in Labela is invalid.
Line 2082: The property name _ExtentX in Labela is invalid.
Line 2083: The property name _ExtentY in Labela is invalid.
Line 2084: The property name _Version in Labela is invalid.
Line 2095: The property name Format in Labela is invalid.
Line 2096: The property name CurrentDate in Labela is invalid.
Line 2106: The property name _ExtentX in Labela is invalid.
Line 2107: The property name _ExtentY in Labela is invalid.
Line 2108: The property name _Version in Labela is invalid.
Line 2119: The property name Format in Labela is invalid.
Line 2120: The property name CurrentDate in Labela is invalid.
Line 2130: The property name _ExtentX in Labela is invalid.
Line 2131: The property name _ExtentY in Labela is invalid.
Line 2132: The property name _Version in Labela is invalid.
Line 2143: The property name Format in Labela is invalid.
Line 2144: The property name CurrentDate in Labela is invalid.
Line 2154: The property name _ExtentX in Labela is invalid.
Line 2155: The property name _ExtentY in Labela is invalid.
Line 2156: The property name _Version in Labela is invalid.
Line 2167: The property name Format in Labela is invalid.
Line 2168: The property name CurrentDate in Labela is invalid.
Line 2178: The property name _ExtentX in Labela is invalid.
Line 2179: The property name _ExtentY in Labela is invalid.
Line 2180: The property name _Version in Labela is invalid.
Line 2191: The property name Format in Labela is invalid.
Line 2192: The property name CurrentDate in Labela is invalid.
Line 2223: The property name _ExtentX in DTPicker1 is invalid.
Line 2224: The property name _ExtentY in DTPicker1 is invalid.
Line 2225: The property name _Version in DTPicker1 is invalid.
Line 2236: The property name Format in DTPicker1 is invalid.
Line 2237: The property name CurrentDate in DTPicker1 is invalid.
Line 2245: The property name _ExtentX in DTPicker2 is invalid.
Line 2246: The property name _ExtentY in DTPicker2 is invalid.
Line 2247: The property name _Version in DTPicker2 is invalid.
Line 2258: The property name Format in DTPicker2 is invalid.
Line 2259: The property name CurrentDate in DTPicker2 is invalid.
